<?xml version="1.0" encoding="UTF-8"?><testsuite errors="0" failures="1" name="I as user of Swag Labs" skipped="0" tests="1" time="11.75" timestamp="2022-12-17 11:12:55"><testcase name="Successful purchase order creation"><failure message="Expected enabled element was not enabled" type="net.thucydides.core.webdriver.exceptions.ElementShouldBeEnabledException">Expected enabled element was not enabled</failure><system-err>Expected enabled element was not enabled
co.com.leantech.automation.swaglabs.tasks.Checkout.performAs(Checkout.java:24)
co.com.leantech.automation.swaglabs.stepdefinitions.PurchaseOrderStepDefinitions.userCreateACheckoutOrder(PurchaseOrderStepDefinitions.java:42)
cucumber.runner.Runner.runPickle(Runner.java:80)
worker.org.gradle.process.internal.worker.GradleWorkerMain.run(GradleWorkerMain.java:69)
worker.org.gradle.process.internal.worker.GradleWorkerMain.main(GradleWorkerMain.java:74)
</system-err></testcase></testsuite>